Arguments: 
  /usr/local/bin/node /usr/local/Cellar/yarn/1.16.0/libexec/bin/yarn.js install

PATH: 
  /usr/local/bin:/usr/local/sbin:/usr/bin:/bin:/usr/sbin:/sbin:/Library/Frameworks/Mono.framework/Versions/Current/Commands:/Applications/Wireshark.app/Contents/MacOS:/Users/lewisdackam/.yadr/bin:/Users/lewisdackam/.yadr/bin/yadr

Yarn version: 
  1.16.0

Node version: 
  11.9.0

Platform: 
  darwin x64

Trace: 
  Error: http://10.10.31.55:4873/lodash: ETIMEDOUT
      at Timeout._onTimeout (/usr/local/Cellar/yarn/1.16.0/libexec/lib/cli.js:130250:19)
      at listOnTimeout (timers.js:327:15)
      at processTimers (timers.js:271:5)

npm manifest: 
  {
    "name": "@altruist/health-check",
    "version": "0.0.0",
    "description": "Health check which comply with the Altruist health check standard",
    "keywords": [],
    "license": "MIT",
    "homepage": "https://github.com/6ewis/http-health-check",
    "bugs": {
      "url": "https://github.com/6ewis/http-health-check/issues"
    },
    "repository": {
      "type": "git",
      "url": "https://github.com/6ewis/http-health-check.git"
    },
    "engines": {
      "node": ">=6",
      "npm": ">=4"
    },
    "main": "./lib/health-check.js",
    "scripts": {
      "test": "make verify test"
    },
    "dependencies": {
      "lodash": "^4.17.2"
    },
    "devDependencies": {
      "babel-eslint": "10.0.1",
      "dotenv-override": "^5.0.1",
      "eslint": "5.15.1",
      "eslint-config-last": "0.0.5",
      "eslint-config-prettier": "4.1.0",
      "eslint-config-strongloop": "^2.1.0",
      "eslint-plugin-prettier": "3.0.1",
      "eslint-plugin-react": "7.12.4",
      "husky": "^1.3.1",
      "lint-staged": "^8.1.5",
      "nodemon": "^1.18.10",
      "prettier": "1.16.4",
      "mocha": "^3.2.0",
      "mockery": "^2.0.0",
      "npm-prepublish": "^1.2.2",
      "nyc": "^10.0.0",
      "proclaim": "^3.4.4",
      "sinon": "^1.17.6",
      "sinon-as-promised": "^4.0.2"
    },
    "nyc": {
      "exclude": [
        "coverage",
        "example",
        "test"
      ]
    }
  }

yarn manifest: 
  No manifest

Lockfile: 
  No lockfile
